2024-08-18 11:45:40 - 200 - {"status":0,"message":"","data":{"tel_id":"5718687068","id":6331361,"fn":"! ğŒğ«.ğ†ğ¡ğ¨ğ¬ğ­ !","ln":"","access_token":"eyJhbGciOiJIUzI1NiIsInR5cCI6IkpXVCJ9.eyJ0b2tlblVzZXIiOnsidGVsX2lkIjoiNTcxODY4NzA2OCIsImlkIjo2MzMxMzYxLCJmbiI6IiEg8J2QjPCdkKsu8J2QhvCdkKHwnZCo8J2QrPCdkK0gISIsImxuIjoiIn0sImlhdCI6MTcyMzk1OTk0MCwiZXhwIjoxNzI2NTUxOTQwfQ.qR5UqzI0YRU_caTJkRivKWTU_-LALcxSLV9ajOlcwKg","photo_url":"","is_kol":0}}
2024-08-18 11:45:40 - 200 - {"status":0,"message":"","data":{"available_balance":14513,"play_passes":5,"timestamp":1723959940,"daily":{"round_id":"06b6bc05-34ff-4f7e-aee1-e3b7eee96ccf","user_id":6331361,"start_at":1723923877,"last_check_ts":1723923877,"last_check_ymd":20240818,"next_check_ts":1723996800,"check_counter":1,"today_points":200,"today_game":1}}}
2024-08-18 11:45:41 - 200 - {"status":0,"message":"","data":{"game_id":"53b22103-c7ff-413d-bc63-20f6fb806a07","round_id":"395a3208-75e3-4771-865d-7ed361321e43","user_id":6331361,"start_at":1723959940,"end_at":1723970740,"last_claim":1723959940,"points":0}}
2024-08-18 11:45:41 - 200 - {"status":0,"message":"","data":{"available_balance":14513,"play_passes":5,"timestamp":1723959941,"farming":{"game_id":"53b22103-c7ff-413d-bc63-20f6fb806a07","round_id":"395a3208-75e3-4771-865d-7ed361321e43","user_id":6331361,"start_at":1723959940,"end_at":1723970740,"last_claim":1723959940,"points":0},"daily":{"round_id":"06b6bc05-34ff-4f7e-aee1-e3b7eee96ccf","user_id":6331361,"start_at":1723923877,"last_check_ts":1723923877,"last_check_ymd":20240818,"next_check_ts":1723996800,"check_counter":1,"today_points":200,"today_game":1}}}
2024-08-28 00:41:05 - 200 - {"status":0,"message":"","data":{"available_balance":201962.7,"play_passes":39,"timestamp":1724784064,"farming":{"game_id":"53b22103-c7ff-413d-bc63-20f6fb806a07","round_id":"3c915832-4fcb-489b-a257-28fe1f90752d","user_id":6331361,"start_at":1724781995,"end_at":1724792795,"last_claim":1724782036,"points":"4.10","finished":false,"claim_this_time":"1.00"},"daily":{"round_id":"9827f629-fac5-497b-93e8-fd696bc3bf4d","user_id":6331361,"start_at":1724187588,"last_check_ts":1724730433,"last_check_ymd":20240827,"next_check_ts":1724774400,"check_counter":7,"today_points":100000,"today_game":35,"diff":1}}}
2024-08-28 00:41:05 - 200 - {"status":400,"message":"already_check","data":{"round_id":"9827f629-fac5-497b-93e8-fd696bc3bf4d","user_id":6331361,"start_at":1724187588,"last_check_ts":1724730433,"last_check_ymd":20240827,"next_check_ts":1724774400,"check_counter":7,"today_points":100000,"today_game":35,"diff":1}}
2024-08-28 01:27:11 - 200 - {"status":0,"message":"","data":{"available_balance":202325.7,"play_passes":38,"timestamp":1724786830,"farming":{"game_id":"53b22103-c7ff-413d-bc63-20f6fb806a07","round_id":"3c915832-4fcb-489b-a257-28fe1f90752d","user_id":6331361,"start_at":1724781995,"end_at":1724792795,"last_claim":1724782036,"points":"4.10","finished":false,"claim_this_time":"1.00"},"daily":{"round_id":"9827f629-fac5-497b-93e8-fd696bc3bf4d","user_id":6331361,"start_at":1724187588,"last_check_ts":1724730433,"last_check_ymd":20240827,"next_check_ts":1724774400,"check_counter":7,"today_points":100000,"today_game":35,"diff":1}}}
2024-08-28 01:27:11 - 200 - {"status":400,"message":"already_check","data":{"round_id":"9827f629-fac5-497b-93e8-fd696bc3bf4d","user_id":6331361,"start_at":1724187588,"last_check_ts":1724730433,"last_check_ymd":20240827,"next_check_ts":1724774400,"check_counter":7,"today_points":100000,"today_game":35,"diff":1}}
2024-08-28 01:29:04 - 200 - {"status":0,"message":"","data":{"available_balance":202325.7,"play_passes":38,"timestamp":1724786947,"farming":{"game_id":"53b22103-c7ff-413d-bc63-20f6fb806a07","round_id":"3c915832-4fcb-489b-a257-28fe1f90752d","user_id":6331361,"start_at":1724781995,"end_at":1724792795,"last_claim":1724782036,"points":"4.10","finished":false,"claim_this_time":"1.00"},"daily":{"round_id":"9827f629-fac5-497b-93e8-fd696bc3bf4d","user_id":6331361,"start_at":1724187588,"last_check_ts":1724730433,"last_check_ymd":20240827,"next_check_ts":1724774400,"check_counter":7,"today_points":100000,"today_game":35,"diff":1}}}
2024-08-28 01:29:08 - 200 - {"status":400,"message":"already_check","data":{"round_id":"9827f629-fac5-497b-93e8-fd696bc3bf4d","user_id":6331361,"start_at":1724187588,"last_check_ts":1724730433,"last_check_ymd":20240827,"next_check_ts":1724774400,"check_counter":7,"today_points":100000,"today_game":35,"diff":1}}
2024-08-28 01:29:08 - 200 - {"status":0,"message":"","data":{"round_id":"a008c369-6e85-456e-b6e7-46bd6e0824d1","user_id":6331361,"start_at":1724786947,"end_at":1724786977}}
2024-08-28 01:29:38 - 200 - {"status":0,"message":"","data":{"round_id":"a008c369-6e85-456e-b6e7-46bd6e0824d1","user_id":6331361,"start_at":1724786947,"end_at":1724786977,"points":365}}
2024-08-28 01:29:39 - 200 - {"status":0,"message":"","data":{"round_id":"84a53bf1-90bc-4c1e-947e-d97962714a34","user_id":6331361,"start_at":1724786978,"end_at":1724787008}}
2024-08-28 01:30:09 - 200 - {"status":0,"message":"","data":{"round_id":"84a53bf1-90bc-4c1e-947e-d97962714a34","user_id":6331361,"start_at":1724786978,"end_at":1724787008,"points":324}}
2024-08-28 01:30:09 - 200 - {"status":0,"message":"","data":{"round_id":"6f8baf6e-35f5-4742-b05f-d2fd7aa8f77e","user_id":6331361,"start_at":1724787008,"end_at":1724787038}}
2024-08-28 01:31:29 - 200 - {"status":0,"message":"","data":{"available_balance":203014.7,"play_passes":35,"timestamp":1724787088,"farming":{"game_id":"53b22103-c7ff-413d-bc63-20f6fb806a07","round_id":"3c915832-4fcb-489b-a257-28fe1f90752d","user_id":6331361,"start_at":1724781995,"end_at":1724792795,"last_claim":1724782036,"points":"4.10","finished":false,"claim_this_time":"1.00"},"daily":{"round_id":"9827f629-fac5-497b-93e8-fd696bc3bf4d","user_id":6331361,"start_at":1724187588,"last_check_ts":1724730433,"last_check_ymd":20240827,"next_check_ts":1724774400,"check_counter":7,"today_points":100000,"today_game":35,"diff":1}}}
2024-08-28 01:31:30 - 200 - {"status":400,"message":"already_check","data":{"round_id":"9827f629-fac5-497b-93e8-fd696bc3bf4d","user_id":6331361,"start_at":1724187588,"last_check_ts":1724730433,"last_check_ymd":20240827,"next_check_ts":1724774400,"check_counter":7,"today_points":100000,"today_game":35,"diff":1}}
2024-08-28 01:31:30 - 200 - {"status":0,"message":"","data":{"round_id":"1e8ebe9d-3110-4eab-8ee7-60dee27f1d82","user_id":6331361,"start_at":1724787089,"end_at":1724787119}}
2024-08-28 01:32:00 - 200 - {"status":0,"message":"","data":{"round_id":"1e8ebe9d-3110-4eab-8ee7-60dee27f1d82","user_id":6331361,"start_at":1724787089,"end_at":1724787119,"points":412}}
2024-08-28 01:32:00 - 200 - {"status":0,"message":"","data":{"round_id":"2e6300ba-674a-49b3-96cf-9c32cc494c5d","user_id":6331361,"start_at":1724787119,"end_at":1724787149}}
2024-08-28 01:32:30 - 200 - {"status":0,"message":"","data":{"round_id":"2e6300ba-674a-49b3-96cf-9c32cc494c5d","user_id":6331361,"start_at":1724787119,"end_at":1724787149,"points":443}}
2024-08-28 01:32:31 - 200 - {"status":0,"message":"","data":{"round_id":"b4665b56-8d9a-42c0-8b47-5d53a065bcdb","user_id":6331361,"start_at":1724787149,"end_at":1724787179}}
2024-08-28 01:33:01 - 200 - {"status":0,"message":"","data":{"round_id":"b4665b56-8d9a-42c0-8b47-5d53a065bcdb","user_id":6331361,"start_at":1724787149,"end_at":1724787179,"points":352}}
2024-08-28 01:33:01 - 200 - {"status":0,"message":"","data":{"round_id":"c70c395d-d74e-4fd0-8f1f-8c4ff718c228","user_id":6331361,"start_at":1724787180,"end_at":1724787210}}
2024-08-28 01:33:31 - 200 - {"status":0,"message":"","data":{"round_id":"c70c395d-d74e-4fd0-8f1f-8c4ff718c228","user_id":6331361,"start_at":1724787180,"end_at":1724787210,"points":414}}
2024-08-28 01:33:31 - 200 - {"status":0,"message":"","data":{"round_id":"eb3d592a-2e29-4d2a-882f-6db0f91d725d","user_id":6331361,"start_at":1724787210,"end_at":1724787240}}
2024-08-28 01:33:37 - 200 - {"status":0,"message":"","data":{"available_balance":"204635.70","play_passes":30,"timestamp":1724787217,"farming":{"game_id":"53b22103-c7ff-413d-bc63-20f6fb806a07","round_id":"3c915832-4fcb-489b-a257-28fe1f90752d","user_id":6331361,"start_at":1724781995,"end_at":1724792795,"last_claim":1724782036,"points":"4.10","finished":false,"claim_this_time":"1.00"},"daily":{"round_id":"9827f629-fac5-497b-93e8-fd696bc3bf4d","user_id":6331361,"start_at":1724187588,"last_check_ts":1724730433,"last_check_ymd":20240827,"next_check_ts":1724774400,"check_counter":7,"today_points":100000,"today_game":35,"diff":1}}}
2024-08-28 01:33:38 - 200 - {"status":400,"message":"already_check","data":{"round_id":"9827f629-fac5-497b-93e8-fd696bc3bf4d","user_id":6331361,"start_at":1724187588,"last_check_ts":1724730433,"last_check_ymd":20240827,"next_check_ts":1724774400,"check_counter":7,"today_points":100000,"today_game":35,"diff":1}}
2024-08-28 01:33:38 - 200 - {"status":0,"message":"","data":{"round_id":"95b104c3-ad4d-44df-900f-153fc10486f3","user_id":6331361,"start_at":1724787217,"end_at":1724787247}}
2024-08-28 01:34:08 - 200 - {"status":0,"message":"","data":{"round_id":"95b104c3-ad4d-44df-900f-153fc10486f3","user_id":6331361,"start_at":1724787217,"end_at":1724787247,"points":600}}
2024-08-28 01:34:09 - 200 - {"status":0,"message":"","data":{"round_id":"19dafc7b-1ef7-4cdf-a7c1-bba2a7595970","user_id":6331361,"start_at":1724787248,"end_at":1724787278}}
2024-08-28 01:34:39 - 200 - {"status":0,"message":"","data":{"round_id":"19dafc7b-1ef7-4cdf-a7c1-bba2a7595970","user_id":6331361,"start_at":1724787248,"end_at":1724787278,"points":600}}
2024-08-28 01:34:39 - 200 - {"status":0,"message":"","data":{"round_id":"707a8667-7f39-4be9-a012-a33376038c49","user_id":6331361,"start_at":1724787278,"end_at":1724787308}}
2024-08-28 01:35:09 - 200 - {"status":0,"message":"","data":{"round_id":"707a8667-7f39-4be9-a012-a33376038c49","user_id":6331361,"start_at":1724787278,"end_at":1724787308,"points":600}}
2024-08-28 01:35:10 - 200 - {"status":0,"message":"","data":{"round_id":"9a48029f-9d8d-4a64-a4aa-f3b36bd252fc","user_id":6331361,"start_at":1724787308,"end_at":1724787338}}
2024-08-28 01:35:40 - 200 - {"status":0,"message":"","data":{"round_id":"9a48029f-9d8d-4a64-a4aa-f3b36bd252fc","user_id":6331361,"start_at":1724787308,"end_at":1724787338,"points":600}}
2024-08-28 01:35:40 - 200 - {"status":0,"message":"","data":{"round_id":"e2ab17d1-0d9a-4d0f-94db-74316a4e382a","user_id":6331361,"start_at":1724787339,"end_at":1724787369}}
2024-08-28 01:35:44 - 200 - {"status":0,"message":"","data":{"available_balance":"207035.70","play_passes":25,"timestamp":1724787343,"farming":{"game_id":"53b22103-c7ff-413d-bc63-20f6fb806a07","round_id":"3c915832-4fcb-489b-a257-28fe1f90752d","user_id":6331361,"start_at":1724781995,"end_at":1724792795,"last_claim":1724782036,"points":"4.10","finished":false,"claim_this_time":"1.00"},"daily":{"round_id":"9827f629-fac5-497b-93e8-fd696bc3bf4d","user_id":6331361,"start_at":1724187588,"last_check_ts":1724730433,"last_check_ymd":20240827,"next_check_ts":1724774400,"check_counter":7,"today_points":100000,"today_game":35,"diff":1}}}
2024-08-28 01:35:44 - 200 - {"status":400,"message":"already_check","data":{"round_id":"9827f629-fac5-497b-93e8-fd696bc3bf4d","user_id":6331361,"start_at":1724187588,"last_check_ts":1724730433,"last_check_ymd":20240827,"next_check_ts":1724774400,"check_counter":7,"today_points":100000,"today_game":35,"diff":1}}
2024-08-28 01:35:45 - 200 - {"status":0,"message":"","data":{"round_id":"118c9226-6e6f-40b7-9496-ee6c7c7fab73","user_id":6331361,"start_at":1724787343,"end_at":1724787373}}
2024-08-28 01:36:15 - 200 - {"status":0,"message":"","data":{"round_id":"118c9226-6e6f-40b7-9496-ee6c7c7fab73","user_id":6331361,"start_at":1724787343,"end_at":1724787373,"points":600}}
2024-08-28 01:36:15 - 200 - {"status":0,"message":"","data":{"round_id":"c1e30d4a-36a4-4070-9f2a-801ae47aa638","user_id":6331361,"start_at":1724787374,"end_at":1724787404}}
2024-08-28 01:36:45 - 200 - {"status":0,"message":"","data":{"round_id":"c1e30d4a-36a4-4070-9f2a-801ae47aa638","user_id":6331361,"start_at":1724787374,"end_at":1724787404,"points":600}}
2024-08-28 01:36:45 - 200 - {"status":0,"message":"","data":{"round_id":"ae6be14a-f319-4793-9472-ad5e93dd5689","user_id":6331361,"start_at":1724787404,"end_at":1724787434}}
2024-08-28 01:37:13 - 200 - {"status":0,"message":"","data":{"available_balance":208235.7,"play_passes":22,"timestamp":1724787432,"farming":{"game_id":"53b22103-c7ff-413d-bc63-20f6fb806a07","round_id":"3c915832-4fcb-489b-a257-28fe1f90752d","user_id":6331361,"start_at":1724781995,"end_at":1724792795,"last_claim":1724782036,"points":"4.10","finished":false,"claim_this_time":"1.00"},"daily":{"round_id":"9827f629-fac5-497b-93e8-fd696bc3bf4d","user_id":6331361,"start_at":1724187588,"last_check_ts":1724730433,"last_check_ymd":20240827,"next_check_ts":1724774400,"check_counter":7,"today_points":100000,"today_game":35,"diff":1}}}
2024-08-28 01:37:13 - 200 - {"status":400,"message":"already_check","data":{"round_id":"9827f629-fac5-497b-93e8-fd696bc3bf4d","user_id":6331361,"start_at":1724187588,"last_check_ts":1724730433,"last_check_ymd":20240827,"next_check_ts":1724774400,"check_counter":7,"today_points":100000,"today_game":35,"diff":1}}
2024-08-28 01:37:14 - 200 - {"status":0,"message":"","data":{"round_id":"771017e6-9a90-437f-8ba0-cb6df606eacc","user_id":6331361,"start_at":1724787433,"end_at":1724787463}}
2024-08-28 01:37:44 - 200 - {"status":0,"message":"","data":{"round_id":"771017e6-9a90-437f-8ba0-cb6df606eacc","user_id":6331361,"start_at":1724787433,"end_at":1724787463,"points":600}}
2024-08-28 01:37:44 - 200 - {"status":0,"message":"","data":{"round_id":"f810c74d-1e8d-41f4-9078-bdf924ec4468","user_id":6331361,"start_at":1724787463,"end_at":1724787493}}
2024-08-28 01:41:32 - 200 - {"status":0,"message":"","data":{"available_balance":208835.7,"play_passes":20,"timestamp":1724787691,"farming":{"game_id":"53b22103-c7ff-413d-bc63-20f6fb806a07","round_id":"3c915832-4fcb-489b-a257-28fe1f90752d","user_id":6331361,"start_at":1724781995,"end_at":1724792795,"last_claim":1724782036,"points":"4.10","finished":false,"claim_this_time":"1.00"},"daily":{"round_id":"9827f629-fac5-497b-93e8-fd696bc3bf4d","user_id":6331361,"start_at":1724187588,"last_check_ts":1724730433,"last_check_ymd":20240827,"next_check_ts":1724774400,"check_counter":7,"today_points":100000,"today_game":35,"diff":1}}}
2024-08-28 01:41:32 - 200 - {"status":400,"message":"already_check","data":{"round_id":"9827f629-fac5-497b-93e8-fd696bc3bf4d","user_id":6331361,"start_at":1724187588,"last_check_ts":1724730433,"last_check_ymd":20240827,"next_check_ts":1724774400,"check_counter":7,"today_points":100000,"today_game":35,"diff":1}}
2024-08-28 01:41:32 - 200 - {"status":0,"message":"","data":{"round_id":"cf4a45fd-02f5-44ea-940c-fd36a98d1bc5","user_id":6331361,"start_at":1724787691,"end_at":1724787721}}
2024-08-28 01:42:03 - 200 - {"status":0,"message":"","data":{"round_id":"cf4a45fd-02f5-44ea-940c-fd36a98d1bc5","user_id":6331361,"start_at":1724787691,"end_at":1724787721,"points":600}}
2024-08-28 01:42:03 - 200 - {"status":0,"message":"","data":{"round_id":"35bac650-6de9-4b87-85da-e5e618b471b5","user_id":6331361,"start_at":1724787722,"end_at":1724787752}}
2024-08-28 01:42:33 - 200 - {"status":0,"message":"","data":{"round_id":"35bac650-6de9-4b87-85da-e5e618b471b5","user_id":6331361,"start_at":1724787722,"end_at":1724787752,"points":600}}
2024-08-28 01:42:34 - 200 - {"status":0,"message":"","data":{"round_id":"93d3ba60-cd31-46f5-bdac-98e8d793a765","user_id":6331361,"start_at":1724787752,"end_at":1724787782}}
2024-08-28 01:43:02 - 200 - {"status":0,"message":"","data":{"available_balance":210035.7,"play_passes":17,"timestamp":1724787781,"farming":{"game_id":"53b22103-c7ff-413d-bc63-20f6fb806a07","round_id":"3c915832-4fcb-489b-a257-28fe1f90752d","user_id":6331361,"start_at":1724781995,"end_at":1724792795,"last_claim":1724782036,"points":"4.10","finished":false,"claim_this_time":"1.00"},"daily":{"round_id":"9827f629-fac5-497b-93e8-fd696bc3bf4d","user_id":6331361,"start_at":1724187588,"last_check_ts":1724730433,"last_check_ymd":20240827,"next_check_ts":1724774400,"check_counter":7,"today_points":100000,"today_game":35,"diff":1}}}
2024-08-28 01:43:03 - 200 - {"status":400,"message":"already_check","data":{"round_id":"9827f629-fac5-497b-93e8-fd696bc3bf4d","user_id":6331361,"start_at":1724187588,"last_check_ts":1724730433,"last_check_ymd":20240827,"next_check_ts":1724774400,"check_counter":7,"today_points":100000,"today_game":35,"diff":1}}
2024-08-28 01:43:03 - 200 - {"status":0,"message":"","data":{"round_id":"17d16ba5-7517-482c-af42-31c4a9206aff","user_id":6331361,"start_at":1724787782,"end_at":1724787812}}
2024-08-28 01:43:33 - 200 - {"status":0,"message":"","data":{"round_id":"17d16ba5-7517-482c-af42-31c4a9206aff","user_id":6331361,"start_at":1724787782,"end_at":1724787812,"points":552}}
2024-08-28 01:43:33 - 200 - {"status":0,"message":"","data":{"round_id":"da93da55-22a7-4f24-9bd5-ce47e3eae502","user_id":6331361,"start_at":1724787812,"end_at":1724787842}}
2024-08-28 01:44:04 - 200 - {"status":0,"message":"","data":{"round_id":"da93da55-22a7-4f24-9bd5-ce47e3eae502","user_id":6331361,"start_at":1724787812,"end_at":1724787842,"points":527}}
2024-08-28 01:44:04 - 200 - {"status":0,"message":"","data":{"round_id":"a1be08d6-1aa3-493d-81a0-b6c18a9b79c4","user_id":6331361,"start_at":1724787843,"end_at":1724787873}}
2024-08-28 01:44:34 - 200 - {"status":0,"message":"","data":{"round_id":"a1be08d6-1aa3-493d-81a0-b6c18a9b79c4","user_id":6331361,"start_at":1724787843,"end_at":1724787873,"points":525}}
2024-08-28 01:44:34 - 200 - {"status":0,"message":"","data":{"round_id":"54507af0-59c2-4a1d-8044-a61f67fd5938","user_id":6331361,"start_at":1724787873,"end_at":1724787903}}
2024-08-28 01:45:04 - 200 - {"status":0,"message":"","data":{"round_id":"54507af0-59c2-4a1d-8044-a61f67fd5938","user_id":6331361,"start_at":1724787873,"end_at":1724787903,"points":593}}
2024-08-28 01:45:05 - 200 - {"status":0,"message":"","data":{"round_id":"47d1476d-8af2-4581-a9be-c50dcd591c97","user_id":6331361,"start_at":1724787904,"end_at":1724787934}}
2024-08-28 01:45:35 - 200 - {"status":0,"message":"","data":{"round_id":"47d1476d-8af2-4581-a9be-c50dcd591c97","user_id":6331361,"start_at":1724787904,"end_at":1724787934,"points":510}}
2024-08-28 01:45:35 - 200 - {"status":0,"message":"","data":{"round_id":"d0db2167-5161-49b1-a1dc-610a528b7660","user_id":6331361,"start_at":1724787934,"end_at":1724787964}}
2024-08-28 01:46:05 - 200 - {"status":0,"message":"","data":{"round_id":"d0db2167-5161-49b1-a1dc-610a528b7660","user_id":6331361,"start_at":1724787934,"end_at":1724787964,"points":566}}
2024-08-28 01:46:06 - 200 - {"status":0,"message":"","data":{"round_id":"6ed36568-1759-48ac-9f6d-d362dba2eccd","user_id":6331361,"start_at":1724787964,"end_at":1724787994}}
2024-08-28 01:46:36 - 200 - {"status":0,"message":"","data":{"round_id":"6ed36568-1759-48ac-9f6d-d362dba2eccd","user_id":6331361,"start_at":1724787964,"end_at":1724787994,"points":558}}
2024-08-28 01:46:40 - 200 - {"status":0,"message":"","data":{"round_id":"113bb681-c306-40e2-8503-84a35ff9bce7","user_id":6331361,"start_at":1724787999,"end_at":1724788029}}
2024-08-28 01:47:11 - 200 - {"status":0,"message":"","data":{"round_id":"113bb681-c306-40e2-8503-84a35ff9bce7","user_id":6331361,"start_at":1724787999,"end_at":1724788029,"points":500}}
2024-08-28 01:47:11 - 200 - {"status":0,"message":"","data":{"round_id":"4b962f8c-7fa7-458c-bfec-1609b41991b3","user_id":6331361,"start_at":1724788030,"end_at":1724788060}}
2024-08-28 01:47:41 - 200 - {"status":0,"message":"","data":{"round_id":"4b962f8c-7fa7-458c-bfec-1609b41991b3","user_id":6331361,"start_at":1724788030,"end_at":1724788060,"points":544}}
2024-08-28 01:47:41 - 200 - {"status":0,"message":"","data":{"round_id":"2a43ceaa-74d8-4bba-ace9-7753fb2daa21","user_id":6331361,"start_at":1724788060,"end_at":1724788090}}
2024-08-28 01:48:12 - 200 - {"status":0,"message":"","data":{"round_id":"2a43ceaa-74d8-4bba-ace9-7753fb2daa21","user_id":6331361,"start_at":1724788060,"end_at":1724788090,"points":514}}
2024-08-28 01:48:12 - 200 - {"status":0,"message":"","data":{"round_id":"67f5a460-77d0-4554-b173-ac9d6caa11ac","user_id":6331361,"start_at":1724788091,"end_at":1724788121}}
2024-08-28 01:48:43 - 200 - {"status":0,"message":"","data":{"round_id":"67f5a460-77d0-4554-b173-ac9d6caa11ac","user_id":6331361,"start_at":1724788091,"end_at":1724788121,"points":586}}
2024-08-28 01:48:43 - 200 - {"status":0,"message":"","data":{"round_id":"13c3dc5f-9808-424e-bea6-414b5ebf69f0","user_id":6331361,"start_at":1724788122,"end_at":1724788152}}
2024-08-28 01:49:13 - 200 - {"status":0,"message":"","data":{"round_id":"13c3dc5f-9808-424e-bea6-414b5ebf69f0","user_id":6331361,"start_at":1724788122,"end_at":1724788152,"points":593}}
2024-08-28 01:49:14 - 200 - {"status":0,"message":"","data":{"round_id":"9d519a55-29bb-4e40-a498-d2df08b5015b","user_id":6331361,"start_at":1724788153,"end_at":1724788183}}
2024-08-28 01:49:44 - 200 - {"status":0,"message":"","data":{"round_id":"9d519a55-29bb-4e40-a498-d2df08b5015b","user_id":6331361,"start_at":1724788153,"end_at":1724788183,"points":594}}
2024-08-28 01:49:44 - 200 - {"status":0,"message":"","data":{"round_id":"6296166f-8688-43f0-a34d-01653d76dffa","user_id":6331361,"start_at":1724788183,"end_at":1724788213}}
2024-08-28 01:50:15 - 200 - {"status":0,"message":"","data":{"round_id":"6296166f-8688-43f0-a34d-01653d76dffa","user_id":6331361,"start_at":1724788183,"end_at":1724788213,"points":561}}
2024-08-28 01:50:15 - 200 - {"status":0,"message":"","data":{"round_id":"78beb0ae-882e-4ecb-b7db-9e0f573eba89","user_id":6331361,"start_at":1724788214,"end_at":1724788244}}
2024-08-28 01:50:45 - 200 - {"status":0,"message":"","data":{"round_id":"78beb0ae-882e-4ecb-b7db-9e0f573eba89","user_id":6331361,"start_at":1724788214,"end_at":1724788244,"points":547}}
2024-08-28 01:50:45 - 200 - {"status":0,"message":"","data":{"round_id":"71c5df5c-468d-4b7c-9711-ca0288b8915b","user_id":6331361,"start_at":1724788244,"end_at":1724788274}}
2024-08-28 01:51:15 - 200 - {"status":0,"message":"","data":{"round_id":"71c5df5c-468d-4b7c-9711-ca0288b8915b","user_id":6331361,"start_at":1724788244,"end_at":1724788274,"points":568}}
2024-08-28 01:51:16 - 200 - {"status":0,"message":"","data":{"round_id":"041708d5-c38c-4414-8c60-4046d8e630a8","user_id":6331361,"start_at":1724788274,"end_at":1724788304}}
2024-08-28 01:51:46 - 200 - {"status":0,"message":"","data":{"round_id":"041708d5-c38c-4414-8c60-4046d8e630a8","user_id":6331361,"start_at":1724788274,"end_at":1724788304,"points":554}}
2024-08-28 01:51:46 - 200 - {"status":0,"message":"","data":{"available_balance":"219427.70","play_passes":0,"timestamp":1724788305,"farming":{"game_id":"53b22103-c7ff-413d-bc63-20f6fb806a07","round_id":"3c915832-4fcb-489b-a257-28fe1f90752d","user_id":6331361,"start_at":1724781995,"end_at":1724792795,"last_claim":1724782036,"points":"4.10","finished":false,"claim_this_time":"1.00"},"daily":{"round_id":"9827f629-fac5-497b-93e8-fd696bc3bf4d","user_id":6331361,"start_at":1724187588,"last_check_ts":1724730433,"last_check_ymd":20240827,"next_check_ts":1724774400,"check_counter":7,"today_points":100000,"today_game":35,"diff":1}}}
2024-08-28 01:51:46 - 200 - {"status":400,"message":"already_check","data":{"round_id":"9827f629-fac5-497b-93e8-fd696bc3bf4d","user_id":6331361,"start_at":1724187588,"last_check_ts":1724730433,"last_check_ymd":20240827,"next_check_ts":1724774400,"check_counter":7,"today_points":100000,"today_game":35,"diff":1}}
2024-08-28 14:16:28 - 200 - {"status":0,"message":"","data":{"available_balance":238736.7,"play_passes":10,"timestamp":1724832987,"farming":{"game_id":"53b22103-c7ff-413d-bc63-20f6fb806a07","round_id":"b24dcdaa-2196-46ee-bb0d-64565ef15ea4","user_id":6331361,"start_at":1724832060,"end_at":1724842860,"last_claim":1724832076,"points":"1.60","finished":false,"claim_this_time":"1.20"},"daily":{"round_id":"8eb9ddb8-6a03-4c3f-9b42-182cb35f0340","user_id":6331361,"start_at":1724803219,"last_check_ts":1724803219,"last_check_ymd":20240828,"next_check_ts":1724860800,"check_counter":1,"today_points":1000,"today_game":5}}}
2024-08-28 14:16:28 - 200 - {"status":0,"message":"","data":{"round_id":"b59fe2b6-94b2-41b9-9c46-680f1570e552","user_id":6331361,"start_at":1724832987,"end_at":1724833017}}
2024-08-28 14:16:59 - 200 - {"status":0,"message":"","data":{"round_id":"b59fe2b6-94b2-41b9-9c46-680f1570e552","user_id":6331361,"start_at":1724832987,"end_at":1724833017,"points":510}}
2024-08-28 14:16:59 - 200 - {"status":0,"message":"","data":{"round_id":"fb362116-fd2a-495e-97a0-99bc22bd62ff","user_id":6331361,"start_at":1724833018,"end_at":1724833048}}
2024-08-28 14:34:16 - 200 - {"status":0,"message":"","data":{"available_balance":239246.7,"play_passes":8,"timestamp":1724834055,"farming":{"game_id":"53b22103-c7ff-413d-bc63-20f6fb806a07","round_id":"b24dcdaa-2196-46ee-bb0d-64565ef15ea4","user_id":6331361,"start_at":1724832060,"end_at":1724842860,"last_claim":1724832076,"points":"1.60","finished":false,"claim_this_time":"1.20"},"daily":{"round_id":"8eb9ddb8-6a03-4c3f-9b42-182cb35f0340","user_id":6331361,"start_at":1724803219,"last_check_ts":1724803219,"last_check_ymd":20240828,"next_check_ts":1724860800,"check_counter":1,"today_points":1000,"today_game":5}}}
2024-08-28 14:34:16 - 200 - {"status":0,"message":"","data":{"round_id":"0db80c18-0aca-4325-b9ff-d88e6ce6ffaf","user_id":6331361,"start_at":1724834055,"end_at":1724834085}}
2024-08-28 14:34:47 - 200 - {"status":500,"message":"System error please wait","data":{}}
2024-08-28 14:34:47 - 200 - {"status":0,"message":"","data":{"round_id":"3999c733-8b29-48e8-8ec0-0d6a6d99162d","user_id":6331361,"start_at":1724834086,"end_at":1724834116}}
2024-08-28 14:49:38 - 200 - {"status":0,"message":"","data":{"available_balance":"239824.70","play_passes":6,"timestamp":1724834977,"farming":{"game_id":"53b22103-c7ff-413d-bc63-20f6fb806a07","round_id":"b24dcdaa-2196-46ee-bb0d-64565ef15ea4","user_id":6331361,"start_at":1724832060,"end_at":1724842860,"last_claim":1724832076,"points":"1.60","finished":false,"claim_this_time":"1.20"},"daily":{"round_id":"8eb9ddb8-6a03-4c3f-9b42-182cb35f0340","user_id":6331361,"start_at":1724803219,"last_check_ts":1724803219,"last_check_ymd":20240828,"next_check_ts":1724860800,"check_counter":1,"today_points":1000,"today_game":5}}}
2024-08-28 14:49:38 - 200 - {"status":0,"message":"","data":{"round_id":"8e448233-2b34-416e-9f69-43261933f158","user_id":6331361,"start_at":1724834977,"end_at":1724835007}}
2024-08-28 14:50:09 - 200 - {"status":0,"message":"","data":{"round_id":"8e448233-2b34-416e-9f69-43261933f158","user_id":6331361,"start_at":1724834977,"end_at":1724835007,"points":564}}
2024-08-28 14:50:09 - 200 - {"status":0,"message":"","data":{"round_id":"f23ed05b-6b34-4788-b89a-dc6b8828370a","user_id":6331361,"start_at":1724835008,"end_at":1724835038}}
2024-08-28 17:40:25 - 200 - {"status":0,"message":"","data":{"available_balance":241467.1,"play_passes":3,"timestamp":1724845224,"farming":{"game_id":"53b22103-c7ff-413d-bc63-20f6fb806a07","round_id":"cd655560-4cc7-4aa8-b505-4c82082258f7","user_id":6331361,"start_at":1724844599,"end_at":1724855399,"last_claim":1724844599,"points":0},"daily":{"round_id":"8eb9ddb8-6a03-4c3f-9b42-182cb35f0340","user_id":6331361,"start_at":1724803219,"last_check_ts":1724803219,"last_check_ymd":20240828,"next_check_ts":1724860800,"check_counter":1,"today_points":1000,"today_game":5}}}
2024-08-28 17:40:26 - 200 - {"status":0,"message":"","data":{"round_id":"648aa8d6-6788-44bb-88b8-5641a3a6607c","user_id":6331361,"start_at":1724845225,"end_at":1724845255}}
2024-08-29 19:02:18 - 200 - {"status":0,"message":"","data":{"tel_id":"6527809433","id":10953659,"fn":"Sagor","ln":"Raihan","access_token":"eyJhbGciOiJIUzI1NiIsInR5cCI6IkpXVCJ9.eyJ0b2tlblVzZXIiOnsidGVsX2lkIjoiNjUyNzgwOTQzMyIsImlkIjoxMDk1MzY1OSwiZm4iOiJTYWdvciIsImxuIjoiUmFpaGFuIn0sImlhdCI6MTcyNDkzNjUzNywiZXhwIjoxNzI3NTI4NTM3fQ.SbtwobpaQlYfQah0O8l98RiCuypoANB7_SldcFNlWuo","photo_url":"","is_kol":0}}
2024-08-29 19:02:18 - 200 - {"status":0,"message":"","data":{"available_balance":29015,"play_passes":10,"timestamp":1724936537,"farming":{"game_id":"53b22103-c7ff-413d-bc63-20f6fb806a07","round_id":"21b5dac3-244e-4a44-a195-e23755986db1","user_id":10953659,"start_at":1724930847,"end_at":1724941647,"last_claim":1724930897,"points":"5.00","finished":false,"claim_this_time":"5.00"},"daily":{"round_id":"a36ab5de-b3ab-483a-aad0-c4bfede32714","user_id":10953659,"start_at":1724820778,"last_check_ts":1724901639,"last_check_ymd":20240829,"next_check_ts":1724947200,"check_counter":2,"today_points":2500,"today_game":10,"diff":1}}}
2024-08-29 19:02:19 - 200 - {"status":0,"message":"","data":{"round_id":"b2921992-cdaf-4ca9-91bc-e82828a8879d","user_id":10953659,"start_at":1724936537,"end_at":1724936567}}
2024-08-29 19:02:49 - 200 - {"status":0,"message":"","data":{"round_id":"b2921992-cdaf-4ca9-91bc-e82828a8879d","user_id":10953659,"start_at":1724936537,"end_at":1724936567,"points":520}}
2024-08-29 19:02:49 - 200 - {"status":0,"message":"","data":{"round_id":"6b28171e-6274-4974-a9bd-bb87a78452f4","user_id":10953659,"start_at":1724936568,"end_at":1724936598}}
2024-08-29 19:03:19 - 200 - {"status":0,"message":"","data":{"round_id":"6b28171e-6274-4974-a9bd-bb87a78452f4","user_id":10953659,"start_at":1724936568,"end_at":1724936598,"points":589}}
2024-08-29 19:03:20 - 200 - {"status":0,"message":"","data":{"round_id":"ccc7b28a-9975-467d-9f57-1c7926dd3a8a","user_id":10953659,"start_at":1724936599,"end_at":1724936629}}
2024-08-29 19:03:50 - 200 - {"status":0,"message":"","data":{"round_id":"ccc7b28a-9975-467d-9f57-1c7926dd3a8a","user_id":10953659,"start_at":1724936599,"end_at":1724936629,"points":574}}
2024-08-29 19:03:50 - 200 - {"status":0,"message":"","data":{"round_id":"e5ca1e67-0f0f-471b-b61f-8cc4f7c66f90","user_id":10953659,"start_at":1724936629,"end_at":1724936659}}
2024-08-29 19:04:21 - 200 - {"status":0,"message":"","data":{"round_id":"e5ca1e67-0f0f-471b-b61f-8cc4f7c66f90","user_id":10953659,"start_at":1724936629,"end_at":1724936659,"points":536}}
2024-08-29 19:04:21 - 200 - {"status":0,"message":"","data":{"round_id":"507e8380-f73c-4c92-beb7-87e61081a785","user_id":10953659,"start_at":1724936660,"end_at":1724936690}}
2024-08-29 19:04:51 - 200 - {"status":0,"message":"","data":{"round_id":"507e8380-f73c-4c92-beb7-87e61081a785","user_id":10953659,"start_at":1724936660,"end_at":1724936690,"points":529}}
2024-08-29 19:04:52 - 200 - {"status":0,"message":"","data":{"round_id":"e381e1a6-d3f7-4b43-bb4f-74cc911563b8","user_id":10953659,"start_at":1724936691,"end_at":1724936721}}
2024-08-29 19:05:22 - 403 - {"cloudflare":"black"}
2024-08-29 19:05:22 - 403 - {"cloudflare":"black"}
2024-08-29 19:05:22 - 403 - {"cloudflare":"black"}
2024-08-29 19:05:23 - 403 - {"cloudflare":"black"}
2024-08-29 19:05:23 - 403 - {"cloudflare":"black"}
2024-08-29 19:05:23 - 403 - {"cloudflare":"black"}
2024-08-29 19:05:23 - 403 - {"cloudflare":"black"}
2024-08-29 19:05:23 - 403 - {"cloudflare":"black"}
2024-08-29 19:05:23 - 403 - {"cloudflare":"black"}
2024-08-29 19:05:23 - 403 - {"cloudflare":"black"}
2024-08-29 19:05:23 - 403 - {"cloudflare":"black"}
2024-08-29 19:05:23 - 403 - {"cloudflare":"black"}
2024-08-29 19:05:23 - 403 - {"cloudflare":"black"}
2024-08-29 19:05:23 - 403 - {"cloudflare":"black"}
2024-08-29 19:05:23 - 403 - {"cloudflare":"black"}
2024-08-29 19:05:23 - 403 - {"cloudflare":"black"}
2024-08-29 19:05:24 - 403 - {"cloudflare":"black"}
2024-08-29 19:05:24 - 403 - {"cloudflare":"black"}
2024-08-29 19:05:24 - 403 - {"cloudflare":"black"}
2024-08-29 19:05:24 - 403 - {"cloudflare":"black"}
2024-08-29 19:05:24 - 403 - {"cloudflare":"black"}
2024-08-29 19:05:24 - 403 - {"cloudflare":"black"}
2024-08-29 19:05:24 - 403 - {"cloudflare":"black"}
2024-08-29 19:05:24 - 403 - {"cloudflare":"black"}
2024-08-29 19:05:24 - 403 - {"cloudflare":"black"}
2024-08-29 19:05:24 - 403 - {"cloudflare":"black"}
2024-08-29 19:05:25 - 403 - {"cloudflare":"black"}
2024-08-29 19:05:25 - 403 - {"cloudflare":"black"}
2024-08-29 19:05:25 - 403 - {"cloudflare":"black"}
2024-08-29 19:05:25 - 403 - {"cloudflare":"black"}
2024-08-29 19:05:25 - 403 - {"cloudflare":"black"}
2024-08-29 19:05:25 - 403 - {"cloudflare":"black"}
2024-08-29 19:05:25 - 403 - {"cloudflare":"black"}
2024-08-29 19:05:25 - 403 - {"cloudflare":"black"}
2024-08-29 19:05:25 - 403 - {"cloudflare":"black"}
2024-08-29 19:05:25 - 403 - {"cloudflare":"black"}
2024-08-29 19:05:25 - 403 - {"cloudflare":"black"}
2024-08-29 19:05:26 - 403 - {"cloudflare":"black"}
2024-08-29 19:05:26 - 403 - {"cloudflare":"black"}
2024-08-29 19:05:26 - 403 - {"cloudflare":"black"}
2024-08-29 19:05:26 - 403 - {"cloudflare":"black"}
2024-08-29 19:05:26 - 403 - {"cloudflare":"black"}
2024-08-29 19:05:26 - 403 - {"cloudflare":"black"}
2024-08-29 19:05:26 - 403 - {"cloudflare":"black"}
2024-08-29 19:05:26 - 403 - {"cloudflare":"black"}
2024-08-29 19:05:26 - 403 - {"cloudflare":"black"}
2024-08-29 19:05:26 - 403 - {"cloudflare":"black"}
2024-08-29 19:05:26 - 403 - {"cloudflare":"black"}
2024-08-29 19:05:27 - 403 - {"cloudflare":"black"}
2024-08-29 19:05:27 - 403 - {"cloudflare":"black"}
2024-08-29 19:05:27 - 403 - {"cloudflare":"black"}
2024-08-29 19:05:27 - 403 - {"cloudflare":"black"}
2024-08-29 19:05:27 - 403 - {"cloudflare":"black"}
2024-08-29 19:05:27 - 403 - {"cloudflare":"black"}
2024-08-29 19:05:27 - 403 - {"cloudflare":"black"}
2024-08-29 19:05:27 - 403 - {"cloudflare":"black"}
2024-08-29 19:05:27 - 403 - {"cloudflare":"black"}
2024-08-29 19:05:27 - 403 - {"cloudflare":"black"}
2024-08-29 19:05:27 - 403 - {"cloudflare":"black"}
2024-08-29 19:05:27 - 403 - {"cloudflare":"black"}
2024-08-29 19:05:27 - 403 - {"cloudflare":"black"}
2024-08-29 19:05:28 - 403 - {"cloudflare":"black"}
2024-08-29 19:05:28 - 403 - {"cloudflare":"black"}
2024-08-29 19:05:28 - 403 - {"cloudflare":"black"}
2024-08-29 19:05:28 - 403 - {"cloudflare":"black"}
2024-08-29 19:05:28 - 403 - {"cloudflare":"black"}
2024-08-29 19:05:28 - 403 - {"cloudflare":"black"}
2024-08-29 19:05:28 - 403 - {"cloudflare":"black"}
2024-08-29 19:05:28 - 403 - {"cloudflare":"black"}
2024-08-29 19:05:28 - 403 - {"cloudflare":"black"}
2024-08-29 19:05:28 - 403 - {"cloudflare":"black"}
2024-08-29 19:05:28 - 403 - {"cloudflare":"black"}
2024-08-29 19:05:28 - 403 - {"cloudflare":"black"}
2024-08-29 19:05:29 - 403 - {"cloudflare":"black"}
2024-08-29 19:05:29 - 403 - {"cloudflare":"black"}
2024-08-29 19:05:29 - 403 - {"cloudflare":"black"}
2024-08-29 19:05:29 - 403 - {"cloudflare":"black"}
2024-08-29 19:05:29 - 403 - {"cloudflare":"black"}
2024-08-29 19:05:29 - 403 - {"cloudflare":"black"}
2024-08-29 19:05:29 - 403 - {"cloudflare":"black"}
2024-08-29 19:05:33 - 403 - {"cloudflare":"black"}
2024-08-29 19:05:33 - 403 - {"cloudflare":"black"}
2024-08-29 19:05:34 - 403 - {"cloudflare":"black"}
2024-08-29 19:05:34 - 403 - {"cloudflare":"black"}
2024-08-29 19:05:34 - 403 - {"cloudflare":"black"}
2024-08-29 19:05:34 - 403 - {"cloudflare":"black"}
2024-08-29 19:05:34 - 403 - {"cloudflare":"black"}
2024-08-29 19:05:34 - 403 - {"cloudflare":"black"}
2024-08-29 19:05:34 - 403 - {"cloudflare":"black"}
2024-08-29 19:05:34 - 403 - {"cloudflare":"black"}
2024-08-29 19:05:34 - 403 - {"cloudflare":"black"}
2024-08-29 19:05:34 - 403 - {"cloudflare":"black"}
2024-08-29 19:05:34 - 403 - {"cloudflare":"black"}
2024-08-29 19:05:34 - 403 - {"cloudflare":"black"}
2024-08-29 19:05:35 - 403 - {"cloudflare":"black"}
2024-08-29 19:05:35 - 403 - {"cloudflare":"black"}
2024-08-29 19:05:35 - 403 - {"cloudflare":"black"}
2024-08-29 19:05:35 - 403 - {"cloudflare":"black"}
2024-08-29 19:05:35 - 403 - {"cloudflare":"black"}
2024-08-29 19:05:35 - 403 - {"cloudflare":"black"}
2024-08-29 19:05:35 - 403 - {"cloudflare":"black"}
2024-08-29 19:05:49 - 403 - {"cloudflare":"black"}
2024-08-29 19:05:49 - 403 - {"cloudflare":"black"}
2024-08-29 19:05:49 - 403 - {"cloudflare":"black"}
2024-08-29 19:05:49 - 403 - {"cloudflare":"black"}
2024-08-29 19:05:49 - 403 - {"cloudflare":"black"}
2024-08-29 19:05:49 - 403 - {"cloudflare":"black"}
2024-08-29 19:05:49 - 403 - {"cloudflare":"black"}
2024-08-29 19:05:49 - 403 - {"cloudflare":"black"}
2024-08-29 19:05:50 - 403 - {"cloudflare":"black"}
2024-08-29 19:05:50 - 403 - {"cloudflare":"black"}
2024-08-29 19:05:50 - 403 - {"cloudflare":"black"}
2024-08-29 19:05:50 - 403 - {"cloudflare":"black"}
2024-08-29 19:05:50 - 403 - {"cloudflare":"black"}
2024-08-29 19:05:50 - 403 - {"cloudflare":"black"}
2024-08-29 19:05:50 - 403 - {"cloudflare":"black"}
2024-08-29 19:05:50 - 403 - {"cloudflare":"black"}
2024-08-29 19:05:50 - 403 - {"cloudflare":"black"}
2024-08-29 19:05:50 - 403 - {"cloudflare":"black"}
2024-08-29 19:05:50 - 403 - {"cloudflare":"black"}
2024-08-29 19:05:51 - 403 - {"cloudflare":"black"}
2024-08-30 01:20:15 - 200 - {"status":0,"message":"","data":{"available_balance":262187.9,"play_passes":14,"timestamp":1724959214,"farming":{"game_id":"53b22103-c7ff-413d-bc63-20f6fb806a07","round_id":"c72fd1ef-29a5-48c6-8a0f-4c760b4d41f7","user_id":6331361,"start_at":1724952583,"end_at":1724963383,"last_claim":1724952622,"points":"3.90","finished":false,"claim_this_time":"1.60"},"daily":{"round_id":"8eb9ddb8-6a03-4c3f-9b42-182cb35f0340","user_id":6331361,"start_at":1724803219,"last_check_ts":1724869276,"last_check_ymd":20240829,"next_check_ts":1724947200,"check_counter":2,"today_points":2500,"today_game":10,"diff":1}}}
2024-08-30 01:20:15 - 200 - {"status":400,"message":"already_check","data":{"round_id":"8eb9ddb8-6a03-4c3f-9b42-182cb35f0340","user_id":6331361,"start_at":1724803219,"last_check_ts":1724869276,"last_check_ymd":20240829,"next_check_ts":1724947200,"check_counter":2,"today_points":2500,"today_game":10,"diff":1}}
2024-08-30 01:20:15 - 200 - {"status":0,"message":"","data":{"round_id":"222e4d8e-1170-456a-acc7-8791dbcea2ef","user_id":6331361,"start_at":1724959214,"end_at":1724959244}}
2024-08-30 01:20:46 - 200 - {"status":0,"message":"","data":{"round_id":"222e4d8e-1170-456a-acc7-8791dbcea2ef","user_id":6331361,"start_at":1724959214,"end_at":1724959244,"points":507}}
2024-08-30 01:20:46 - 200 - {"status":0,"message":"","data":{"round_id":"95462dfb-f2ca-4cff-b836-15209b1e1ce1","user_id":6331361,"start_at":1724959245,"end_at":1724959275}}
2024-08-30 01:21:16 - 200 - {"status":0,"message":"","data":{"round_id":"95462dfb-f2ca-4cff-b836-15209b1e1ce1","user_id":6331361,"start_at":1724959245,"end_at":1724959275,"points":504}}
2024-08-30 01:21:16 - 200 - {"status":0,"message":"","data":{"round_id":"a0df0502-14e1-4529-bf0f-d651dd8c57eb","user_id":6331361,"start_at":1724959275,"end_at":1724959305}}
2024-08-30 01:21:46 - 200 - {"status":0,"message":"","data":{"round_id":"a0df0502-14e1-4529-bf0f-d651dd8c57eb","user_id":6331361,"start_at":1724959275,"end_at":1724959305,"points":512}}
2024-08-30 01:21:47 - 200 - {"status":0,"message":"","data":{"round_id":"9342767b-47ec-4934-af5f-2711724230d5","user_id":6331361,"start_at":1724959306,"end_at":1724959336}}
2024-08-30 01:22:17 - 200 - {"status":0,"message":"","data":{"round_id":"9342767b-47ec-4934-af5f-2711724230d5","user_id":6331361,"start_at":1724959306,"end_at":1724959336,"points":595}}
2024-08-30 01:22:17 - 200 - {"status":0,"message":"","data":{"round_id":"2bd339d3-1a5b-4966-9271-741d2d644da3","user_id":6331361,"start_at":1724959336,"end_at":1724959366}}
2024-08-30 01:22:47 - 200 - {"status":0,"message":"","data":{"round_id":"2bd339d3-1a5b-4966-9271-741d2d644da3","user_id":6331361,"start_at":1724959336,"end_at":1724959366,"points":586}}
2024-08-30 01:22:48 - 200 - {"status":0,"message":"","data":{"round_id":"bc326c78-9924-45bb-88b3-fabb918e0954","user_id":6331361,"start_at":1724959366,"end_at":1724959396}}
2024-08-30 01:23:18 - 200 - {"status":0,"message":"","data":{"round_id":"bc326c78-9924-45bb-88b3-fabb918e0954","user_id":6331361,"start_at":1724959366,"end_at":1724959396,"points":562}}
2024-08-30 01:23:18 - 200 - {"status":0,"message":"","data":{"round_id":"0c743359-dca3-4f71-be6f-26c63f0d1935","user_id":6331361,"start_at":1724959397,"end_at":1724959427}}
2024-08-30 01:23:48 - 200 - {"status":0,"message":"","data":{"round_id":"0c743359-dca3-4f71-be6f-26c63f0d1935","user_id":6331361,"start_at":1724959397,"end_at":1724959427,"points":592}}
2024-08-30 01:23:48 - 200 - {"status":0,"message":"","data":{"round_id":"2bb938bc-2dfa-4cc1-920a-6ba82909523a","user_id":6331361,"start_at":1724959427,"end_at":1724959457}}
2024-08-30 01:24:19 - 200 - {"status":0,"message":"","data":{"round_id":"2bb938bc-2dfa-4cc1-920a-6ba82909523a","user_id":6331361,"start_at":1724959427,"end_at":1724959457,"points":593}}
2024-08-30 01:24:19 - 200 - {"status":0,"message":"","data":{"round_id":"41175c25-7c5a-4b26-a225-74bc0d1192ba","user_id":6331361,"start_at":1724959458,"end_at":1724959488}}
2024-08-30 01:24:49 - 200 - {"status":0,"message":"","data":{"round_id":"41175c25-7c5a-4b26-a225-74bc0d1192ba","user_id":6331361,"start_at":1724959458,"end_at":1724959488,"points":570}}
2024-08-30 01:24:49 - 200 - {"status":0,"message":"","data":{"round_id":"700fc825-9e1a-46e8-9e5d-6a6cf34a7931","user_id":6331361,"start_at":1724959488,"end_at":1724959518}}
2024-08-30 01:25:20 - 200 - {"status":0,"message":"","data":{"round_id":"700fc825-9e1a-46e8-9e5d-6a6cf34a7931","user_id":6331361,"start_at":1724959488,"end_at":1724959518,"points":596}}
2024-08-30 01:25:20 - 200 - {"status":0,"message":"","data":{"round_id":"fbedf7bf-73b0-4c9a-8073-47c2f34c7efb","user_id":6331361,"start_at":1724959519,"end_at":1724959549}}
2024-08-30 01:26:28 - 200 - {"status":0,"message":"","data":{"round_id":"fbedf7bf-73b0-4c9a-8073-47c2f34c7efb","user_id":6331361,"start_at":1724959519,"end_at":1724959549,"points":599}}
2024-08-30 01:26:29 - 200 - {"status":0,"message":"","data":{"round_id":"b74fc0ab-144b-47ab-8368-5f8727283776","user_id":6331361,"start_at":1724959587,"end_at":1724959617}}
2024-08-30 01:27:03 - 200 - {"status":0,"message":"","data":{"round_id":"b74fc0ab-144b-47ab-8368-5f8727283776","user_id":6331361,"start_at":1724959587,"end_at":1724959617,"points":553}}
2024-08-30 01:27:03 - 200 - {"status":0,"message":"","data":{"round_id":"eba4a3f6-7ce6-4873-898f-446a1c757ed3","user_id":6331361,"start_at":1724959622,"end_at":1724959652}}
2024-08-30 01:27:34 - 200 - {"status":0,"message":"","data":{"round_id":"eba4a3f6-7ce6-4873-898f-446a1c757ed3","user_id":6331361,"start_at":1724959622,"end_at":1724959652,"points":548}}
2024-08-30 01:27:34 - 200 - {"status":0,"message":"","data":{"round_id":"350a7831-9eb2-4cdb-ad22-5066ba5d15b1","user_id":6331361,"start_at":1724959653,"end_at":1724959683}}
2024-08-30 01:28:04 - 200 - {"status":0,"message":"","data":{"round_id":"350a7831-9eb2-4cdb-ad22-5066ba5d15b1","user_id":6331361,"start_at":1724959653,"end_at":1724959683,"points":590}}
2024-08-30 01:28:04 - 200 - {"status":0,"message":"","data":{"available_balance":"270094.90","play_passes":0,"timestamp":1724959683,"farming":{"game_id":"53b22103-c7ff-413d-bc63-20f6fb806a07","round_id":"c72fd1ef-29a5-48c6-8a0f-4c760b4d41f7","user_id":6331361,"start_at":1724952583,"end_at":1724963383,"last_claim":1724952622,"points":"3.90","finished":false,"claim_this_time":"1.60"},"daily":{"round_id":"8eb9ddb8-6a03-4c3f-9b42-182cb35f0340","user_id":6331361,"start_at":1724803219,"last_check_ts":1724869276,"last_check_ymd":20240829,"next_check_ts":1724947200,"check_counter":2,"today_points":2500,"today_game":10,"diff":1}}}
2024-08-30 01:28:04 - 200 - {"status":400,"message":"already_check","data":{"round_id":"8eb9ddb8-6a03-4c3f-9b42-182cb35f0340","user_id":6331361,"start_at":1724803219,"last_check_ts":1724869276,"last_check_ymd":20240829,"next_check_ts":1724947200,"check_counter":2,"today_points":2500,"today_game":10,"diff":1}}
2024-09-04 22:15:00 - 200 - {"status":0,"message":"","data":{"available_balance":"360697.10","play_passes":10,"timestamp":1725466499,"farming":{"game_id":"53b22103-c7ff-413d-bc63-20f6fb806a07","round_id":"613f88ce-7b84-4b43-b5de-ab156c9d1299","user_id":6331361,"start_at":1725433451,"end_at":1725444251,"last_claim":1725433480,"points":"2.90","finished":false,"claim_this_time":"1.10"},"daily":{"round_id":"70c21616-2781-40f7-843d-9f6c495dab80","user_id":6331361,"start_at":1725089729,"last_check_ts":1725404535,"last_check_ymd":20240904,"next_check_ts":1725465600,"check_counter":5,"today_points":8000,"today_game":5,"diff":1}}}
2024-09-04 22:15:00 - 200 - {"status":400,"message":"already_check","data":{"round_id":"70c21616-2781-40f7-843d-9f6c495dab80","user_id":6331361,"start_at":1725089729,"last_check_ts":1725404535,"last_check_ymd":20240904,"next_check_ts":1725465600,"check_counter":5,"today_points":8000,"today_game":5,"diff":1}}
2024-09-04 22:15:01 - 200 - {"status":0,"message":"","data":{"game_id":"53b22103-c7ff-413d-bc63-20f6fb806a07","round_id":"613f88ce-7b84-4b43-b5de-ab156c9d1299","user_id":6331361,"start_at":1725433451,"end_at":1725444251,"last_claim":1725466500,"points":"1080.00","finished":true,"claim_this_time":"1077.10"}}
2024-09-04 22:15:01 - 200 - {"status":0,"message":"","data":{"available_balance":"361774.20","play_passes":10,"timestamp":1725466501,"daily":{"round_id":"70c21616-2781-40f7-843d-9f6c495dab80","user_id":6331361,"start_at":1725089729,"last_check_ts":1725404535,"last_check_ymd":20240904,"next_check_ts":1725465600,"check_counter":5,"today_points":8000,"today_game":5,"diff":1}}}
2024-09-04 22:15:02 - 200 - {"status":400,"message":"already_check","data":{"round_id":"70c21616-2781-40f7-843d-9f6c495dab80","user_id":6331361,"start_at":1725089729,"last_check_ts":1725404535,"last_check_ymd":20240904,"next_check_ts":1725465600,"check_counter":5,"today_points":8000,"today_game":5,"diff":1}}
2024-09-04 22:15:02 - 200 - {"status":0,"message":"","data":{"game_id":"53b22103-c7ff-413d-bc63-20f6fb806a07","round_id":"f21e91a3-77dd-4a29-9430-99aa45bb2e75","user_id":6331361,"start_at":1725466502,"end_at":1725477302,"last_claim":1725466502,"points":0}}
2024-09-04 22:15:03 - 200 - {"status":0,"message":"","data":{"available_balance":361774.2,"play_passes":10,"timestamp":1725466502,"farming":{"game_id":"53b22103-c7ff-413d-bc63-20f6fb806a07","round_id":"f21e91a3-77dd-4a29-9430-99aa45bb2e75","user_id":6331361,"start_at":1725466502,"end_at":1725477302,"last_claim":1725466502,"points":0},"daily":{"round_id":"70c21616-2781-40f7-843d-9f6c495dab80","user_id":6331361,"start_at":1725089729,"last_check_ts":1725404535,"last_check_ymd":20240904,"next_check_ts":1725465600,"check_counter":5,"today_points":8000,"today_game":5,"diff":1}}}
2024-09-04 22:15:03 - 200 - {"status":400,"message":"already_check","data":{"round_id":"70c21616-2781-40f7-843d-9f6c495dab80","user_id":6331361,"start_at":1725089729,"last_check_ts":1725404535,"last_check_ymd":20240904,"next_check_ts":1725465600,"check_counter":5,"today_points":8000,"today_game":5,"diff":1}}
2024-09-04 22:15:04 - 200 - {"status":0,"message":"","data":{"round_id":"ab91224f-6cf0-41fe-9dc1-e9a633305360","user_id":6331361,"start_at":1725466503,"end_at":1725466533}}
2024-09-04 22:15:34 - 200 - {"status":0,"message":"","data":{"round_id":"ab91224f-6cf0-41fe-9dc1-e9a633305360","user_id":6331361,"start_at":1725466503,"end_at":1725466533,"points":509}}
2024-09-04 22:15:35 - 200 - {"status":0,"message":"","data":{"round_id":"42139c5b-be92-4fbf-b01f-4165a9727f6d","user_id":6331361,"start_at":1725466534,"end_at":1725466564}}
2024-09-04 22:16:05 - 200 - {"status":0,"message":"","data":{"round_id":"42139c5b-be92-4fbf-b01f-4165a9727f6d","user_id":6331361,"start_at":1725466534,"end_at":1725466564,"points":530}}
2024-09-04 22:16:05 - 200 - {"status":0,"message":"","data":{"round_id":"970aadf9-fde6-4ebf-a970-35950e9bd8c3","user_id":6331361,"start_at":1725466565,"end_at":1725466595}}
2024-09-04 22:16:36 - 200 - {"status":0,"message":"","data":{"round_id":"970aadf9-fde6-4ebf-a970-35950e9bd8c3","user_id":6331361,"start_at":1725466565,"end_at":1725466595,"points":569}}
2024-09-04 22:16:36 - 200 - {"status":0,"message":"","data":{"round_id":"728062a4-21b2-4d63-bb1a-5fe6c6e5b435","user_id":6331361,"start_at":1725466595,"end_at":1725466625}}
2024-09-04 22:17:06 - 200 - {"status":0,"message":"","data":{"round_id":"728062a4-21b2-4d63-bb1a-5fe6c6e5b435","user_id":6331361,"start_at":1725466595,"end_at":1725466625,"points":580}}
2024-09-04 22:17:07 - 200 - {"status":0,"message":"","data":{"round_id":"c8f5f8be-f52a-48b9-ae6f-90823d99212c","user_id":6331361,"start_at":1725466626,"end_at":1725466656}}
2024-09-04 22:17:37 - 200 - {"status":0,"message":"","data":{"round_id":"c8f5f8be-f52a-48b9-ae6f-90823d99212c","user_id":6331361,"start_at":1725466626,"end_at":1725466656,"points":587}}
2024-09-04 22:17:37 - 200 - {"status":0,"message":"","data":{"round_id":"f93d26a5-841a-4479-8414-be42586ca342","user_id":6331361,"start_at":1725466657,"end_at":1725466687}}
2024-09-04 22:18:08 - 200 - {"status":0,"message":"","data":{"round_id":"f93d26a5-841a-4479-8414-be42586ca342","user_id":6331361,"start_at":1725466657,"end_at":1725466687,"points":545}}
2024-09-04 22:18:08 - 200 - {"status":0,"message":"","data":{"round_id":"b6c42b19-fd2b-4f4f-bca2-878009a9524f","user_id":6331361,"start_at":1725466688,"end_at":1725466718}}
2024-09-04 22:18:38 - 200 - {"status":0,"message":"","data":{"round_id":"b6c42b19-fd2b-4f4f-bca2-878009a9524f","user_id":6331361,"start_at":1725466688,"end_at":1725466718,"points":547}}
2024-09-04 22:18:39 - 200 - {"status":0,"message":"","data":{"round_id":"4e549bcf-c437-493c-9011-91408e63b5ca","user_id":6331361,"start_at":1725466718,"end_at":1725466748}}
2024-09-04 22:19:09 - 200 - {"status":0,"message":"","data":{"round_id":"4e549bcf-c437-493c-9011-91408e63b5ca","user_id":6331361,"start_at":1725466718,"end_at":1725466748,"points":566}}
2024-09-04 22:19:09 - 200 - {"status":0,"message":"","data":{"round_id":"41988aab-50cc-452a-a0a7-dacd843ac2f3","user_id":6331361,"start_at":1725466749,"end_at":1725466779}}
2024-09-04 22:19:40 - 200 - {"status":0,"message":"","data":{"round_id":"41988aab-50cc-452a-a0a7-dacd843ac2f3","user_id":6331361,"start_at":1725466749,"end_at":1725466779,"points":525}}
2024-09-04 22:19:40 - 200 - {"status":0,"message":"","data":{"round_id":"c24ff487-67d6-46d7-b3b7-9e62441834dc","user_id":6331361,"start_at":1725466780,"end_at":1725466810}}
2024-09-04 22:20:10 - 200 - {"status":0,"message":"","data":{"round_id":"c24ff487-67d6-46d7-b3b7-9e62441834dc","user_id":6331361,"start_at":1725466780,"end_at":1725466810,"points":563}}
2024-09-04 22:20:11 - 200 - {"status":0,"message":"","data":{"available_balance":"367295.20","play_passes":0,"timestamp":1725466810,"farming":{"game_id":"53b22103-c7ff-413d-bc63-20f6fb806a07","round_id":"f21e91a3-77dd-4a29-9430-99aa45bb2e75","user_id":6331361,"start_at":1725466502,"end_at":1725477302,"last_claim":1725466502,"points":0},"daily":{"round_id":"70c21616-2781-40f7-843d-9f6c495dab80","user_id":6331361,"start_at":1725089729,"last_check_ts":1725404535,"last_check_ymd":20240904,"next_check_ts":1725465600,"check_counter":5,"today_points":8000,"today_game":5,"diff":1}}}
2024-09-04 22:20:11 - 200 - {"status":400,"message":"already_check","data":{"round_id":"70c21616-2781-40f7-843d-9f6c495dab80","user_id":6331361,"start_at":1725089729,"last_check_ts":1725404535,"last_check_ymd":20240904,"next_check_ts":1725465600,"check_counter":5,"today_points":8000,"today_game":5,"diff":1}}
2024-09-04 22:24:39 - 200 - {"status":0,"message":"","data":{"available_balance":367295.2,"play_passes":0,"timestamp":1725467078,"farming":{"game_id":"53b22103-c7ff-413d-bc63-20f6fb806a07","round_id":"f21e91a3-77dd-4a29-9430-99aa45bb2e75","user_id":6331361,"start_at":1725466502,"end_at":1725477302,"last_claim":1725466502,"points":0},"daily":{"round_id":"70c21616-2781-40f7-843d-9f6c495dab80","user_id":6331361,"start_at":1725089729,"last_check_ts":1725404535,"last_check_ymd":20240904,"next_check_ts":1725465600,"check_counter":5,"today_points":8000,"today_game":5,"diff":1}}}
2024-09-04 22:24:39 - 200 - {"status":400,"message":"already_check","data":{"round_id":"70c21616-2781-40f7-843d-9f6c495dab80","user_id":6331361,"start_at":1725089729,"last_check_ts":1725404535,"last_check_ymd":20240904,"next_check_ts":1725465600,"check_counter":5,"today_points":8000,"today_game":5,"diff":1}}
2024-09-04 22:37:05 - 200 - {"status":401,"message":"Access Denied. No token provided."}
2024-09-04 22:50:12 - 200 - {"status":401,"message":"Access Denied. No token provided."}
2024-09-04 22:52:48 - 200 - {"status":0,"message":"","data":{"available_balance":367295.2,"play_passes":0,"timestamp":1725468768,"farming":{"game_id":"53b22103-c7ff-413d-bc63-20f6fb806a07","round_id":"f21e91a3-77dd-4a29-9430-99aa45bb2e75","user_id":6331361,"start_at":1725466502,"end_at":1725477302,"last_claim":1725466502,"points":0},"daily":{"round_id":"70c21616-2781-40f7-843d-9f6c495dab80","user_id":6331361,"start_at":1725089729,"last_check_ts":1725404535,"last_check_ymd":20240904,"next_check_ts":1725465600,"check_counter":5,"today_points":8000,"today_game":5,"diff":1}}}
2024-09-04 22:52:49 - 200 - {"status":400,"message":"already_check","data":{"round_id":"70c21616-2781-40f7-843d-9f6c495dab80","user_id":6331361,"start_at":1725089729,"last_check_ts":1725404535,"last_check_ymd":20240904,"next_check_ts":1725465600,"check_counter":5,"today_points":8000,"today_game":5,"diff":1}}
2024-09-04 22:56:21 - 200 - {"status":0,"message":"","data":{"available_balance":367295.2,"play_passes":0,"timestamp":1725468981,"farming":{"game_id":"53b22103-c7ff-413d-bc63-20f6fb806a07","round_id":"f21e91a3-77dd-4a29-9430-99aa45bb2e75","user_id":6331361,"start_at":1725466502,"end_at":1725477302,"last_claim":1725466502,"points":0},"daily":{"round_id":"70c21616-2781-40f7-843d-9f6c495dab80","user_id":6331361,"start_at":1725089729,"last_check_ts":1725404535,"last_check_ymd":20240904,"next_check_ts":1725465600,"check_counter":5,"today_points":8000,"today_game":5,"diff":1}}}
2024-09-04 22:56:22 - 200 - {"status":400,"message":"already_check","data":{"round_id":"70c21616-2781-40f7-843d-9f6c495dab80","user_id":6331361,"start_at":1725089729,"last_check_ts":1725404535,"last_check_ymd":20240904,"next_check_ts":1725465600,"check_counter":5,"today_points":8000,"today_game":5,"diff":1}}
2024-09-04 22:58:01 - 200 - {"status":0,"message":"","data":{"available_balance":367295.2,"play_passes":0,"timestamp":1725469081,"farming":{"game_id":"53b22103-c7ff-413d-bc63-20f6fb806a07","round_id":"f21e91a3-77dd-4a29-9430-99aa45bb2e75","user_id":6331361,"start_at":1725466502,"end_at":1725477302,"last_claim":1725466502,"points":0},"daily":{"round_id":"70c21616-2781-40f7-843d-9f6c495dab80","user_id":6331361,"start_at":1725089729,"last_check_ts":1725404535,"last_check_ymd":20240904,"next_check_ts":1725465600,"check_counter":5,"today_points":8000,"today_game":5,"diff":1}}}
2024-09-04 22:58:02 - 200 - {"status":400,"message":"already_check","data":{"round_id":"70c21616-2781-40f7-843d-9f6c495dab80","user_id":6331361,"start_at":1725089729,"last_check_ts":1725404535,"last_check_ymd":20240904,"next_check_ts":1725465600,"check_counter":5,"today_points":8000,"today_game":5,"diff":1}}
2024-09-04 23:09:29 - 200 - {"status":0,"message":"","data":{"available_balance":367295.2,"play_passes":0,"timestamp":1725469768,"farming":{"game_id":"53b22103-c7ff-413d-bc63-20f6fb806a07","round_id":"f21e91a3-77dd-4a29-9430-99aa45bb2e75","user_id":6331361,"start_at":1725466502,"end_at":1725477302,"last_claim":1725466502,"points":0},"daily":{"round_id":"70c21616-2781-40f7-843d-9f6c495dab80","user_id":6331361,"start_at":1725089729,"last_check_ts":1725404535,"last_check_ymd":20240904,"next_check_ts":1725465600,"check_counter":5,"today_points":8000,"today_game":5,"diff":1}}}
2024-09-04 23:09:29 - 200 - {"status":400,"message":"already_check","data":{"round_id":"70c21616-2781-40f7-843d-9f6c495dab80","user_id":6331361,"start_at":1725089729,"last_check_ts":1725404535,"last_check_ymd":20240904,"next_check_ts":1725465600,"check_counter":5,"today_points":8000,"today_game":5,"diff":1}}
